<?xml version="1.0" encoding="UTF-8"?>
<robot generated="20170608 13:05:08.010" generator="Robot 3.0.2 (Python 2.7.13 on win32)">
<suite source="C:\robot-script\amazon\tests\amazon.robot" id="s1" name="Amazon">
<test id="s1-t1" name="User must sign in to check out">
<kw name="Begin Web Test" library="Common">
<kw name="Open Browser" library="Selenium2Library">
<doc>Opens a new browser instance to given URL.</doc>
<arguments>
<arg>about:blank</arg>
<arg>chrome</arg>
</arguments>
<msg timestamp="20170608 13:05:08.174" level="INFO">Opening browser 'chrome' to base url 'about:blank'</msg>
<status status="PASS" endtime="20170608 13:05:13.460" starttime="20170608 13:05:08.174"></status>
</kw>
<status status="PASS" endtime="20170608 13:05:13.460" starttime="20170608 13:05:08.174"></status>
</kw>
<kw name="Search for Products" library="AmazonGUI">
<kw name="Go To" library="Selenium2Library">
<doc>Navigates the active browser instance to the provided URL.</doc>
<arguments>
<arg>http://www.amazon.com</arg>
</arguments>
<msg timestamp="20170608 13:05:13.462" level="INFO">Opening url 'http://www.amazon.com'</msg>
<status status="PASS" endtime="20170608 13:05:17.820" starttime="20170608 13:05:13.462"></status>
</kw>
<kw name="Wait Until Page Contains" library="Selenium2Library">
<doc>Waits until `text` appears on current page.</doc>
<arguments>
<arg>Your Amazon.com</arg>
</arguments>
<status status="PASS" endtime="20170608 13:05:17.959" starttime="20170608 13:05:17.820"></status>
</kw>
<kw name="Input Text" library="Selenium2Library">
<doc>Types the given `text` into text field identified by `locator`.</doc>
<arguments>
<arg>id=twotabsearchtextbox</arg>
<arg>Ferrari 458</arg>
</arguments>
<msg timestamp="20170608 13:05:17.960" level="INFO">Typing text 'Ferrari 458' into text field 'id=twotabsearchtextbox'</msg>
<status status="PASS" endtime="20170608 13:05:20.012" starttime="20170608 13:05:17.959"></status>
</kw>
<kw name="Click Button" library="Selenium2Library">
<doc>Clicks a button identified by `locator`.</doc>
<arguments>
<arg>xpath=//*[@id="nav-search"]/form/div[2]/div/input</arg>
</arguments>
<msg timestamp="20170608 13:05:20.014" level="INFO">Clicking button 'xpath=//*[@id="nav-search"]/form/div[2]/div/input'.</msg>
<status status="PASS" endtime="20170608 13:05:25.217" starttime="20170608 13:05:20.012"></status>
</kw>
<kw name="Wait Until Page Contains" library="Selenium2Library">
<doc>Waits until `text` appears on current page.</doc>
<arguments>
<arg>results for "Ferrari 458"</arg>
</arguments>
<status status="PASS" endtime="20170608 13:05:26.395" starttime="20170608 13:05:25.217"></status>
</kw>
<status status="PASS" endtime="20170608 13:05:26.395" starttime="20170608 13:05:13.462"></status>
</kw>
<kw name="Select Product from Search Results" library="AmazonGUI">
<kw name="Click Link" library="Selenium2Library">
<doc>Clicks a link identified by locator.</doc>
<arguments>
<arg>css=#result_0 a.s-access-detail-page</arg>
</arguments>
<msg timestamp="20170608 13:05:26.398" level="INFO">Clicking link 'css=#result_0 a.s-access-detail-page'.</msg>
<status status="PASS" endtime="20170608 13:06:51.593" starttime="20170608 13:05:26.398"></status>
</kw>
<kw name="Wait Until Page Contains" library="Selenium2Library">
<doc>Waits until `text` appears on current page.</doc>
<arguments>
<arg>Back to search results</arg>
</arguments>
<kw name="Capture Page Screenshot" library="Selenium2Library">
<doc>Takes a screenshot of the current page and embeds it into the log.</doc>
<msg timestamp="20170608 13:06:51.640" level="FAIL">NoSuchWindowException: Message: no such window: target window already closed
from unknown error: web view not found
  (Session info: chrome=59.0.3071.86)
  (Driver info: chromedriver=2.29.461591 (62ebf098771772160f391d75e589dc567915b233),platform=Windows NT 6.1.7601 SP1 x86)
</msg>
<status status="FAIL" endtime="20170608 13:06:51.640" starttime="20170608 13:06:51.640"></status>
</kw>
<msg timestamp="20170608 13:06:51.640" level="WARN">Keyword 'Capture Page Screenshot' could not be run on failure: NoSuchWindowException: Message: no such window: target window already closed
from unknown error: web view not found
  (Session info: chrome=59.0.3071.86)
  (Driver info: chromedriver=2.29.461591 (62ebf098771772160f391d75e589dc567915b233),platform=Windows NT 6.1.7601 SP1 x86)
</msg>
<msg timestamp="20170608 13:06:51.664" level="FAIL">NoSuchWindowException: Message: no such window: target window already closed
from unknown error: web view not found
  (Session info: chrome=59.0.3071.86)
  (Driver info: chromedriver=2.29.461591 (62ebf098771772160f391d75e589dc567915b233),platform=Windows NT 6.1.7601 SP1 x86)
</msg>
<status status="FAIL" endtime="20170608 13:06:51.664" starttime="20170608 13:06:51.593"></status>
</kw>
<status status="FAIL" endtime="20170608 13:06:51.664" starttime="20170608 13:05:26.398"></status>
</kw>
<doc>This is some basic infor about the test</doc>
<tags>
<tag>Smoke</tag>
</tags>
<status status="FAIL" endtime="20170608 13:06:51.664" critical="yes" starttime="20170608 13:05:08.174">NoSuchWindowException: Message: no such window: target window already closed
from unknown error: web view not found
  (Session info: chrome=59.0.3071.86)
  (Driver info: chromedriver=2.29.461591 (62ebf098771772160f391d75e589dc567915b233),platform=Windows NT 6.1.7601 SP1 x86)
</status>
</test>
<doc>This is the basic infor about the whole suite</doc>
<status status="FAIL" endtime="20170608 13:06:51.710" starttime="20170608 13:05:08.010"></status>
</suite>
<statistics>
<total>
<stat fail="1" pass="0">Critical Tests</stat>
<stat fail="1" pass="0">All Tests</stat>
</total>
<tag>
<stat fail="1" pass="0">Smoke</stat>
</tag>
<suite>
<stat fail="1" id="s1" name="Amazon" pass="0">Amazon</stat>
</suite>
</statistics>
<errors>
<msg timestamp="20170608 13:06:51.640" level="WARN">Keyword 'Capture Page Screenshot' could not be run on failure: NoSuchWindowException: Message: no such window: target window already closed
from unknown error: web view not found
  (Session info: chrome=59.0.3071.86)
  (Driver info: chromedriver=2.29.461591 (62ebf098771772160f391d75e589dc567915b233),platform=Windows NT 6.1.7601 SP1 x86)
</msg>
</errors>
</robot>
